<?xml version="1.0" encoding="UTF-8"?>
<!-- Generated by org.testng.reporters.JUnitReportReporter -->
<testsuite skipped="0" hostname="DESKTOP-RIL1DGV" name="Acadamy.E2EProject.validateTitle" tests="1" failures="0" timestamp="2020-11-13T23:03:42 IST" time="10.268" errors="0">
  <testcase name="basePageNavigation" time="10.268" classname="Acadamy.E2EProject.validateTitle"/>
  <system-out/>
</testsuite> <!-- Acadamy.E2EProject.validateTitle -->
